<?xml version="1.0" encoding="UTF-8"?>
<testng-results skipped="0" failed="0" total="1" passed="1">
  <reporter-output>
  </reporter-output>
  <suite name="Suite" duration-ms="30104" started-at="2017-04-13T09:53:17Z" finished-at="2017-04-13T09:53:47Z">
    <groups>
    </groups>
    <test name="Test" duration-ms="30104" started-at="2017-04-13T09:53:17Z" finished-at="2017-04-13T09:53:47Z">
      <class name="filpkart_project.PurchaseFrige">
        <test-method status="PASS" signature="openBrowser()[pri:0, instance:filpkart_project.PurchaseFrige@2d6a9952]" name="openBrowser" is-config="true" duration-ms="12798" started-at="2017-04-13T15:23:17Z" finished-at="2017-04-13T15:23:29Z">
          <reporter-output>
          </reporter-output>
        </test-method> <!-- openBrowser -->
        <test-method status="PASS" signature="purchase()[pri:0, instance:filpkart_project.PurchaseFrige@2d6a9952]" name="purchase" duration-ms="17205" started-at="2017-04-13T15:23:29Z" finished-at="2017-04-13T15:23:47Z">
          <reporter-output>
          </reporter-output>
        </test-method> <!-- purchase -->
        <test-method status="PASS" signature="closeBrowser()[pri:0, instance:filpkart_project.PurchaseFrige@2d6a9952]" name="closeBrowser" is-config="true" duration-ms="87" started-at="2017-04-13T15:23:47Z" finished-at="2017-04-13T15:23:47Z">
          <reporter-output>
          </reporter-output>
        </test-method> <!-- closeBrowser -->
      </class> <!-- filpkart_project.PurchaseFrige -->
    </test> <!-- Test -->
  </suite> <!-- Suite -->
</testng-results>
